<?xml version="1.0" encoding="UTF-8"?>
<testsuite xmlns:xsi="http://www.w3.org/2001/XMLSchema-instance" xsi:noNamespaceSchemaLocation="https://maven.apache.org/surefire/maven-surefire-plugin/xsd/surefire-test-report-3.0.xsd" version="3.0" name="com.eyebuy.bookcatalog.repository.BookRepositoryTest" time="4.904" tests="16" errors="0" skipped="0" failures="0">
  <properties>
[...]
</properties>
  <testcase name="sortByUpdateTime" classname="com.eyebuy.bookcatalog.repository.BookRepositoryTest" time="0.5">
    <system-out><![CDATA[16:28:42.112 [main] INFO org.springframework.test.context.support.AnnotationConfigContextLoaderUtils -- Could not detect default configuration classes for test class [com.eyebuy.bookcatalog.repository.BookRepositoryTest]: BookRepositoryTest does not declare any static, non-private, non-final, nested classes annotated with @Configuration.
16:28:42.238 [main] INFO org.springframework.boot.test.context.SpringBootTestContextBootstrapper -- Found @SpringBootConfiguration com.eyebuy.bookcatalog.BookCatalogApplication for test class com.eyebuy.bookcatalog.repository.BookRepositoryTest

  .   ____          _            __ _ _
 /\\ / ___'_ __ _ _(_)_ __  __ _ \ \ \ \
( ( )\___ | '_ | '_| | '_ \/ _` | \ \ \ \
 \\/  ___)| |_)| | | | | || (_| |  ) ) ) )
  '  |____| .__|_| |_|_| |_\__, | / / / /
 =========|_|==============|___/=/_/_/_/
 :: Spring Boot ::                (v3.2.5)

16:28:42.691 [main] INFO  c.e.b.repository.BookRepositoryTest - Starting BookRepositoryTest using Java 17.0.3.1 with PID 78297 (started by zhulefei in /Users/zhulefei/Documents/AI/project/book-catalog-service)
16:28:42.692 [main] DEBUG c.e.b.repository.BookRepositoryTest - Running with Spring Boot v3.2.5, Spring v6.1.6
16:28:42.692 [main] INFO  c.e.b.repository.BookRepositoryTest - No active profile set, falling back to 1 default profile: "default"
16:28:43.064 [main] INFO  o.s.d.r.c.RepositoryConfigurationDelegate - Multiple Spring Data modules found, entering strict repository configuration mode
16:28:43.066 [main] INFO  o.s.d.r.c.RepositoryConfigurationDelegate - Bootstrapping Spring Data JPA repositories in DEFAULT mode.
16:28:43.249 [main] INFO  o.s.d.r.c.RepositoryConfigurationDelegate - Finished Spring Data repository scanning in 172 ms. Found 1 JPA repository interface.
16:28:43.583 [main] INFO  o.h.jpa.internal.util.LogHelper - HHH000204: Processing PersistenceUnitInfo [name: default]
16:28:43.654 [main] INFO  org.hibernate.Version - HHH000412: Hibernate ORM core version 6.4.4.Final
16:28:43.691 [main] INFO  o.h.c.i.RegionFactoryInitiator - HHH000026: Second-level cache disabled
16:28:43.927 [main] INFO  o.s.o.j.p.SpringPersistenceUnitInfo - No LoadTimeWeaver setup: ignoring JPA class transformer
16:28:43.955 [main] INFO  com.zaxxer.hikari.HikariDataSource - HikariPool-1 - Starting...
16:28:44.283 [main] INFO  com.zaxxer.hikari.pool.HikariPool - HikariPool-1 - Added connection conn0: url=jdbc:h2:mem:bookcatalog user=SA
16:28:44.285 [main] INFO  com.zaxxer.hikari.HikariDataSource - HikariPool-1 - Start completed.
16:28:44.318 [main] WARN  org.hibernate.orm.deprecation - HHH90000025: H2Dialect does not need to be specified explicitly using 'hibernate.dialect' (remove the property setting and it will be selected by default)
16:28:45.227 [main] INFO  o.h.e.t.j.p.i.JtaPlatformInitiator - HHH000489: No JTA platform available (set 'hibernate.transaction.jta.platform' to enable JTA platform integration)
Hibernate: 
    create table t_book (
        id bigint generated by default as identity,
        active boolean not null,
        author varchar(200) not null,
        create_time timestamp(6) not null,
        description varchar(2000),
        genre varchar(50),
        isbn varchar(20),
        pages integer not null,
        price numeric(10,2),
        publish_date timestamp(6),
        publisher varchar(50),
        stock integer not null,
        title varchar(500) not null,
        update_time timestamp(6) not null,
        version bigint,
        primary key (id)
    )
Hibernate: 
    create index idx_book_title 
       on t_book (title)
Hibernate: 
    create index idx_book_author 
       on t_book (author)
Hibernate: 
    create index idx_book_genre 
       on t_book (genre)
Hibernate: 
    create index idx_book_isbn 
       on t_book (isbn)
16:28:45.293 [main] INFO  o.s.o.j.LocalContainerEntityManagerFactoryBean - Initialized JPA EntityManagerFactory for persistence unit 'default'
16:28:45.584 [main] INFO  o.s.d.j.r.query.QueryEnhancerFactory - Hibernate is in classpath; If applicable, HQL parser will be used.
16:28:46.172 [main] INFO  c.e.b.repository.BookRepositoryTest - Started BookRepositoryTest in 3.87 seconds (process running for 5.081)
Hibernate: 
    insert 
    into
        t_book
        (active, author, create_time, description, genre, isbn, pages, price, publish_date, publisher, stock, title, update_time, version, id) 
    values
        (?, ?, ?, ?, ?, ?, ?, ?, ?, ?, ?, ?, ?, ?, default)
Hibernate: 
    insert 
    into
        t_book
        (active, author, create_time, description, genre, isbn, pages, price, publish_date, publisher, stock, title, update_time, version, id) 
    values
        (?, ?, ?, ?, ?, ?, ?, ?, ?, ?, ?, ?, ?, ?, default)
Hibernate: 
    select
        b1_0.id,
        b1_0.active,
        b1_0.author,
        b1_0.create_time,
        b1_0.description,
        b1_0.genre,
        b1_0.isbn,
        b1_0.pages,
        b1_0.price,
        b1_0.publish_date,
        b1_0.publisher,
        b1_0.stock,
        b1_0.title,
        b1_0.update_time,
        b1_0.version 
    from
        t_book b1_0 
    order by
        b1_0.update_time desc
]]></system-out>
  </testcase>
  <testcase name="findAvailableBooks" classname="com.eyebuy.bookcatalog.repository.BookRepositoryTest" time="0.014">
    <system-out><![CDATA[Hibernate: 
    insert 
    into
        t_book
        (active, author, create_time, description, genre, isbn, pages, price, publish_date, publisher, stock, title, update_time, version, id) 
    values
        (?, ?, ?, ?, ?, ?, ?, ?, ?, ?, ?, ?, ?, ?, default)
Hibernate: 
    insert 
    into
        t_book
        (active, author, create_time, description, genre, isbn, pages, price, publish_date, publisher, stock, title, update_time, version, id) 
    values
        (?, ?, ?, ?, ?, ?, ?, ?, ?, ?, ?, ?, ?, ?, default)
Hibernate: 
    select
        b1_0.id,
        b1_0.active,
        b1_0.author,
        b1_0.create_time,
        b1_0.description,
        b1_0.genre,
        b1_0.isbn,
        b1_0.pages,
        b1_0.price,
        b1_0.publish_date,
        b1_0.publisher,
        b1_0.stock,
        b1_0.title,
        b1_0.update_time,
        b1_0.version 
    from
        t_book b1_0 
    where
        b1_0.active=true 
        and b1_0.stock>0 
    order by
        b1_0.update_time desc
]]></system-out>
  </testcase>
  <testcase name="searchBooks" classname="com.eyebuy.bookcatalog.repository.BookRepositoryTest" time="0.024">
    <system-out><![CDATA[Hibernate: 
    insert 
    into
        t_book
        (active, author, create_time, description, genre, isbn, pages, price, publish_date, publisher, stock, title, update_time, version, id) 
    values
        (?, ?, ?, ?, ?, ?, ?, ?, ?, ?, ?, ?, ?, ?, default)
Hibernate: 
    insert 
    into
        t_book
        (active, author, create_time, description, genre, isbn, pages, price, publish_date, publisher, stock, title, update_time, version, id) 
    values
        (?, ?, ?, ?, ?, ?, ?, ?, ?, ?, ?, ?, ?, ?, default)
Hibernate: 
    select
        b1_0.id,
        b1_0.active,
        b1_0.author,
        b1_0.create_time,
        b1_0.description,
        b1_0.genre,
        b1_0.isbn,
        b1_0.pages,
        b1_0.price,
        b1_0.publish_date,
        b1_0.publisher,
        b1_0.stock,
        b1_0.title,
        b1_0.update_time,
        b1_0.version 
    from
        t_book b1_0 
    where
        (
            ? is null 
            or lower(b1_0.title) like lower(('%'||?||'%')) escape '' 
            or lower(b1_0.author) like lower(('%'||?||'%')) escape '' 
            or lower(b1_0.description) like lower(('%'||?||'%')) escape ''
        ) 
        and (
            ? is null 
            or b1_0.genre=?
        ) 
        and (
            ? is null 
            or b1_0.active=?
        ) 
    offset
        ? rows 
    fetch
        first ? rows only
Hibernate: 
    select
        b1_0.id,
        b1_0.active,
        b1_0.author,
        b1_0.create_time,
        b1_0.description,
        b1_0.genre,
        b1_0.isbn,
        b1_0.pages,
        b1_0.price,
        b1_0.publish_date,
        b1_0.publisher,
        b1_0.stock,
        b1_0.title,
        b1_0.update_time,
        b1_0.version 
    from
        t_book b1_0 
    where
        (
            ? is null 
            or lower(b1_0.title) like lower(('%'||?||'%')) escape '' 
            or lower(b1_0.author) like lower(('%'||?||'%')) escape '' 
            or lower(b1_0.description) like lower(('%'||?||'%')) escape ''
        ) 
        and (
            ? is null 
            or b1_0.genre=?
        ) 
        and (
            ? is null 
            or b1_0.active=?
        ) 
    offset
        ? rows 
    fetch
        first ? rows only
]]></system-out>
  </testcase>
  <testcase name="findByIsbn" classname="com.eyebuy.bookcatalog.repository.BookRepositoryTest" time="0.012">
    <system-out><![CDATA[Hibernate: 
    insert 
    into
        t_book
        (active, author, create_time, description, genre, isbn, pages, price, publish_date, publisher, stock, title, update_time, version, id) 
    values
        (?, ?, ?, ?, ?, ?, ?, ?, ?, ?, ?, ?, ?, ?, default)
Hibernate: 
    select
        b1_0.id,
        b1_0.active,
        b1_0.author,
        b1_0.create_time,
        b1_0.description,
        b1_0.genre,
        b1_0.isbn,
        b1_0.pages,
        b1_0.price,
        b1_0.publish_date,
        b1_0.publisher,
        b1_0.stock,
        b1_0.title,
        b1_0.update_time,
        b1_0.version 
    from
        t_book b1_0 
    where
        b1_0.isbn=?
]]></system-out>
  </testcase>
  <testcase name="existsByIsbn" classname="com.eyebuy.bookcatalog.repository.BookRepositoryTest" time="0.012">
    <system-out><![CDATA[Hibernate: 
    insert 
    into
        t_book
        (active, author, create_time, description, genre, isbn, pages, price, publish_date, publisher, stock, title, update_time, version, id) 
    values
        (?, ?, ?, ?, ?, ?, ?, ?, ?, ?, ?, ?, ?, ?, default)
Hibernate: 
    select
        b1_0.id 
    from
        t_book b1_0 
    where
        b1_0.isbn=? 
    fetch
        first ? rows only
Hibernate: 
    select
        b1_0.id 
    from
        t_book b1_0 
    where
        b1_0.isbn=? 
    fetch
        first ? rows only
]]></system-out>
  </testcase>
  <testcase name="findByTitleContainingIgnoreCase" classname="com.eyebuy.bookcatalog.repository.BookRepositoryTest" time="0.008">
    <system-out><![CDATA[Hibernate: 
    insert 
    into
        t_book
        (active, author, create_time, description, genre, isbn, pages, price, publish_date, publisher, stock, title, update_time, version, id) 
    values
        (?, ?, ?, ?, ?, ?, ?, ?, ?, ?, ?, ?, ?, ?, default)
Hibernate: 
    insert 
    into
        t_book
        (active, author, create_time, description, genre, isbn, pages, price, publish_date, publisher, stock, title, update_time, version, id) 
    values
        (?, ?, ?, ?, ?, ?, ?, ?, ?, ?, ?, ?, ?, ?, default)
Hibernate: 
    select
        b1_0.id,
        b1_0.active,
        b1_0.author,
        b1_0.create_time,
        b1_0.description,
        b1_0.genre,
        b1_0.isbn,
        b1_0.pages,
        b1_0.price,
        b1_0.publish_date,
        b1_0.publisher,
        b1_0.stock,
        b1_0.title,
        b1_0.update_time,
        b1_0.version 
    from
        t_book b1_0 
    where
        upper(b1_0.title) like upper(?) escape '\'
]]></system-out>
  </testcase>
  <testcase name="findByIsbnNotFound" classname="com.eyebuy.bookcatalog.repository.BookRepositoryTest" time="0.003">
    <system-out><![CDATA[Hibernate: 
    select
        b1_0.id,
        b1_0.active,
        b1_0.author,
        b1_0.create_time,
        b1_0.description,
        b1_0.genre,
        b1_0.isbn,
        b1_0.pages,
        b1_0.price,
        b1_0.publish_date,
        b1_0.publisher,
        b1_0.stock,
        b1_0.title,
        b1_0.update_time,
        b1_0.version 
    from
        t_book b1_0 
    where
        b1_0.isbn=?
]]></system-out>
  </testcase>
  <testcase name="findByActiveTrue" classname="com.eyebuy.bookcatalog.repository.BookRepositoryTest" time="0.006">
    <system-out><![CDATA[Hibernate: 
    insert 
    into
        t_book
        (active, author, create_time, description, genre, isbn, pages, price, publish_date, publisher, stock, title, update_time, version, id) 
    values
        (?, ?, ?, ?, ?, ?, ?, ?, ?, ?, ?, ?, ?, ?, default)
Hibernate: 
    insert 
    into
        t_book
        (active, author, create_time, description, genre, isbn, pages, price, publish_date, publisher, stock, title, update_time, version, id) 
    values
        (?, ?, ?, ?, ?, ?, ?, ?, ?, ?, ?, ?, ?, ?, default)
Hibernate: 
    select
        b1_0.id,
        b1_0.active,
        b1_0.author,
        b1_0.create_time,
        b1_0.description,
        b1_0.genre,
        b1_0.isbn,
        b1_0.pages,
        b1_0.price,
        b1_0.publish_date,
        b1_0.publisher,
        b1_0.stock,
        b1_0.title,
        b1_0.update_time,
        b1_0.version 
    from
        t_book b1_0 
    where
        b1_0.active
]]></system-out>
  </testcase>
  <testcase name="findByGenre" classname="com.eyebuy.bookcatalog.repository.BookRepositoryTest" time="0.008">
    <system-out><![CDATA[Hibernate: 
    insert 
    into
        t_book
        (active, author, create_time, description, genre, isbn, pages, price, publish_date, publisher, stock, title, update_time, version, id) 
    values
        (?, ?, ?, ?, ?, ?, ?, ?, ?, ?, ?, ?, ?, ?, default)
Hibernate: 
    insert 
    into
        t_book
        (active, author, create_time, description, genre, isbn, pages, price, publish_date, publisher, stock, title, update_time, version, id) 
    values
        (?, ?, ?, ?, ?, ?, ?, ?, ?, ?, ?, ?, ?, ?, default)
Hibernate: 
    select
        b1_0.id,
        b1_0.active,
        b1_0.author,
        b1_0.create_time,
        b1_0.description,
        b1_0.genre,
        b1_0.isbn,
        b1_0.pages,
        b1_0.price,
        b1_0.publish_date,
        b1_0.publisher,
        b1_0.stock,
        b1_0.title,
        b1_0.update_time,
        b1_0.version 
    from
        t_book b1_0 
    where
        b1_0.genre=?
Hibernate: 
    select
        b1_0.id,
        b1_0.active,
        b1_0.author,
        b1_0.create_time,
        b1_0.description,
        b1_0.genre,
        b1_0.isbn,
        b1_0.pages,
        b1_0.price,
        b1_0.publish_date,
        b1_0.publisher,
        b1_0.stock,
        b1_0.title,
        b1_0.update_time,
        b1_0.version 
    from
        t_book b1_0 
    where
        b1_0.genre=?
]]></system-out>
  </testcase>
  <testcase name="pagination" classname="com.eyebuy.bookcatalog.repository.BookRepositoryTest" time="0.034">
    <system-out><![CDATA[Hibernate: 
    insert 
    into
        t_book
        (active, author, create_time, description, genre, isbn, pages, price, publish_date, publisher, stock, title, update_time, version, id) 
    values
        (?, ?, ?, ?, ?, ?, ?, ?, ?, ?, ?, ?, ?, ?, default)
Hibernate: 
    insert 
    into
        t_book
        (active, author, create_time, description, genre, isbn, pages, price, publish_date, publisher, stock, title, update_time, version, id) 
    values
        (?, ?, ?, ?, ?, ?, ?, ?, ?, ?, ?, ?, ?, ?, default)
Hibernate: 
    insert 
    into
        t_book
        (active, author, create_time, description, genre, isbn, pages, price, publish_date, publisher, stock, title, update_time, version, id) 
    values
        (?, ?, ?, ?, ?, ?, ?, ?, ?, ?, ?, ?, ?, ?, default)
Hibernate: 
    insert 
    into
        t_book
        (active, author, create_time, description, genre, isbn, pages, price, publish_date, publisher, stock, title, update_time, version, id) 
    values
        (?, ?, ?, ?, ?, ?, ?, ?, ?, ?, ?, ?, ?, ?, default)
Hibernate: 
    insert 
    into
        t_book
        (active, author, create_time, description, genre, isbn, pages, price, publish_date, publisher, stock, title, update_time, version, id) 
    values
        (?, ?, ?, ?, ?, ?, ?, ?, ?, ?, ?, ?, ?, ?, default)
Hibernate: 
    insert 
    into
        t_book
        (active, author, create_time, description, genre, isbn, pages, price, publish_date, publisher, stock, title, update_time, version, id) 
    values
        (?, ?, ?, ?, ?, ?, ?, ?, ?, ?, ?, ?, ?, ?, default)
Hibernate: 
    insert 
    into
        t_book
        (active, author, create_time, description, genre, isbn, pages, price, publish_date, publisher, stock, title, update_time, version, id) 
    values
        (?, ?, ?, ?, ?, ?, ?, ?, ?, ?, ?, ?, ?, ?, default)
Hibernate: 
    insert 
    into
        t_book
        (active, author, create_time, description, genre, isbn, pages, price, publish_date, publisher, stock, title, update_time, version, id) 
    values
        (?, ?, ?, ?, ?, ?, ?, ?, ?, ?, ?, ?, ?, ?, default)
Hibernate: 
    insert 
    into
        t_book
        (active, author, create_time, description, genre, isbn, pages, price, publish_date, publisher, stock, title, update_time, version, id) 
    values
        (?, ?, ?, ?, ?, ?, ?, ?, ?, ?, ?, ?, ?, ?, default)
Hibernate: 
    insert 
    into
        t_book
        (active, author, create_time, description, genre, isbn, pages, price, publish_date, publisher, stock, title, update_time, version, id) 
    values
        (?, ?, ?, ?, ?, ?, ?, ?, ?, ?, ?, ?, ?, ?, default)
Hibernate: 
    insert 
    into
        t_book
        (active, author, create_time, description, genre, isbn, pages, price, publish_date, publisher, stock, title, update_time, version, id) 
    values
        (?, ?, ?, ?, ?, ?, ?, ?, ?, ?, ?, ?, ?, ?, default)
Hibernate: 
    insert 
    into
        t_book
        (active, author, create_time, description, genre, isbn, pages, price, publish_date, publisher, stock, title, update_time, version, id) 
    values
        (?, ?, ?, ?, ?, ?, ?, ?, ?, ?, ?, ?, ?, ?, default)
Hibernate: 
    insert 
    into
        t_book
        (active, author, create_time, description, genre, isbn, pages, price, publish_date, publisher, stock, title, update_time, version, id) 
    values
        (?, ?, ?, ?, ?, ?, ?, ?, ?, ?, ?, ?, ?, ?, default)
Hibernate: 
    insert 
    into
        t_book
        (active, author, create_time, description, genre, isbn, pages, price, publish_date, publisher, stock, title, update_time, version, id) 
    values
        (?, ?, ?, ?, ?, ?, ?, ?, ?, ?, ?, ?, ?, ?, default)
Hibernate: 
    insert 
    into
        t_book
        (active, author, create_time, description, genre, isbn, pages, price, publish_date, publisher, stock, title, update_time, version, id) 
    values
        (?, ?, ?, ?, ?, ?, ?, ?, ?, ?, ?, ?, ?, ?, default)
Hibernate: 
    insert 
    into
        t_book
        (active, author, create_time, description, genre, isbn, pages, price, publish_date, publisher, stock, title, update_time, version, id) 
    values
        (?, ?, ?, ?, ?, ?, ?, ?, ?, ?, ?, ?, ?, ?, default)
Hibernate: 
    insert 
    into
        t_book
        (active, author, create_time, description, genre, isbn, pages, price, publish_date, publisher, stock, title, update_time, version, id) 
    values
        (?, ?, ?, ?, ?, ?, ?, ?, ?, ?, ?, ?, ?, ?, default)
Hibernate: 
    insert 
    into
        t_book
        (active, author, create_time, description, genre, isbn, pages, price, publish_date, publisher, stock, title, update_time, version, id) 
    values
        (?, ?, ?, ?, ?, ?, ?, ?, ?, ?, ?, ?, ?, ?, default)
Hibernate: 
    insert 
    into
        t_book
        (active, author, create_time, description, genre, isbn, pages, price, publish_date, publisher, stock, title, update_time, version, id) 
    values
        (?, ?, ?, ?, ?, ?, ?, ?, ?, ?, ?, ?, ?, ?, default)
Hibernate: 
    insert 
    into
        t_book
        (active, author, create_time, description, genre, isbn, pages, price, publish_date, publisher, stock, title, update_time, version, id) 
    values
        (?, ?, ?, ?, ?, ?, ?, ?, ?, ?, ?, ?, ?, ?, default)
Hibernate: 
    insert 
    into
        t_book
        (active, author, create_time, description, genre, isbn, pages, price, publish_date, publisher, stock, title, update_time, version, id) 
    values
        (?, ?, ?, ?, ?, ?, ?, ?, ?, ?, ?, ?, ?, ?, default)
Hibernate: 
    insert 
    into
        t_book
        (active, author, create_time, description, genre, isbn, pages, price, publish_date, publisher, stock, title, update_time, version, id) 
    values
        (?, ?, ?, ?, ?, ?, ?, ?, ?, ?, ?, ?, ?, ?, default)
Hibernate: 
    insert 
    into
        t_book
        (active, author, create_time, description, genre, isbn, pages, price, publish_date, publisher, stock, title, update_time, version, id) 
    values
        (?, ?, ?, ?, ?, ?, ?, ?, ?, ?, ?, ?, ?, ?, default)
Hibernate: 
    insert 
    into
        t_book
        (active, author, create_time, description, genre, isbn, pages, price, publish_date, publisher, stock, title, update_time, version, id) 
    values
        (?, ?, ?, ?, ?, ?, ?, ?, ?, ?, ?, ?, ?, ?, default)
Hibernate: 
    insert 
    into
        t_book
        (active, author, create_time, description, genre, isbn, pages, price, publish_date, publisher, stock, title, update_time, version, id) 
    values
        (?, ?, ?, ?, ?, ?, ?, ?, ?, ?, ?, ?, ?, ?, default)
Hibernate: 
    select
        b1_0.id,
        b1_0.active,
        b1_0.author,
        b1_0.create_time,
        b1_0.description,
        b1_0.genre,
        b1_0.isbn,
        b1_0.pages,
        b1_0.price,
        b1_0.publish_date,
        b1_0.publisher,
        b1_0.stock,
        b1_0.title,
        b1_0.update_time,
        b1_0.version 
    from
        t_book b1_0 
    offset
        ? rows 
    fetch
        first ? rows only
Hibernate: 
    select
        count(b1_0.id) 
    from
        t_book b1_0
Hibernate: 
    select
        b1_0.id,
        b1_0.active,
        b1_0.author,
        b1_0.create_time,
        b1_0.description,
        b1_0.genre,
        b1_0.isbn,
        b1_0.pages,
        b1_0.price,
        b1_0.publish_date,
        b1_0.publisher,
        b1_0.stock,
        b1_0.title,
        b1_0.update_time,
        b1_0.version 
    from
        t_book b1_0 
    offset
        ? rows 
    fetch
        first ? rows only
]]></system-out>
  </testcase>
  <testcase name="deleteBook" classname="com.eyebuy.bookcatalog.repository.BookRepositoryTest" time="0.012">
    <system-out><![CDATA[Hibernate: 
    insert 
    into
        t_book
        (active, author, create_time, description, genre, isbn, pages, price, publish_date, publisher, stock, title, update_time, version, id) 
    values
        (?, ?, ?, ?, ?, ?, ?, ?, ?, ?, ?, ?, ?, ?, default)
]]></system-out>
  </testcase>
  <testcase name="countByGenre" classname="com.eyebuy.bookcatalog.repository.BookRepositoryTest" time="0.008">
    <system-out><![CDATA[Hibernate: 
    insert 
    into
        t_book
        (active, author, create_time, description, genre, isbn, pages, price, publish_date, publisher, stock, title, update_time, version, id) 
    values
        (?, ?, ?, ?, ?, ?, ?, ?, ?, ?, ?, ?, ?, ?, default)
Hibernate: 
    insert 
    into
        t_book
        (active, author, create_time, description, genre, isbn, pages, price, publish_date, publisher, stock, title, update_time, version, id) 
    values
        (?, ?, ?, ?, ?, ?, ?, ?, ?, ?, ?, ?, ?, ?, default)
Hibernate: 
    select
        count(b1_0.id) 
    from
        t_book b1_0 
    where
        b1_0.genre=?
Hibernate: 
    select
        count(b1_0.id) 
    from
        t_book b1_0 
    where
        b1_0.genre=?
]]></system-out>
  </testcase>
  <testcase name="saveAndFindById" classname="com.eyebuy.bookcatalog.repository.BookRepositoryTest" time="0.004">
    <system-out><![CDATA[Hibernate: 
    insert 
    into
        t_book
        (active, author, create_time, description, genre, isbn, pages, price, publish_date, publisher, stock, title, update_time, version, id) 
    values
        (?, ?, ?, ?, ?, ?, ?, ?, ?, ?, ?, ?, ?, ?, default)
]]></system-out>
  </testcase>
  <testcase name="findByIsbnAndIdNot" classname="com.eyebuy.bookcatalog.repository.BookRepositoryTest" time="0.007">
    <system-out><![CDATA[Hibernate: 
    insert 
    into
        t_book
        (active, author, create_time, description, genre, isbn, pages, price, publish_date, publisher, stock, title, update_time, version, id) 
    values
        (?, ?, ?, ?, ?, ?, ?, ?, ?, ?, ?, ?, ?, ?, default)
Hibernate: 
    insert 
    into
        t_book
        (active, author, create_time, description, genre, isbn, pages, price, publish_date, publisher, stock, title, update_time, version, id) 
    values
        (?, ?, ?, ?, ?, ?, ?, ?, ?, ?, ?, ?, ?, ?, default)
Hibernate: 
    select
        b1_0.id,
        b1_0.active,
        b1_0.author,
        b1_0.create_time,
        b1_0.description,
        b1_0.genre,
        b1_0.isbn,
        b1_0.pages,
        b1_0.price,
        b1_0.publish_date,
        b1_0.publisher,
        b1_0.stock,
        b1_0.title,
        b1_0.update_time,
        b1_0.version 
    from
        t_book b1_0 
    where
        b1_0.isbn=? 
        and b1_0.id<>?
]]></system-out>
  </testcase>
  <testcase name="findByAuthorContainingIgnoreCase" classname="com.eyebuy.bookcatalog.repository.BookRepositoryTest" time="0.006">
    <system-out><![CDATA[Hibernate: 
    insert 
    into
        t_book
        (active, author, create_time, description, genre, isbn, pages, price, publish_date, publisher, stock, title, update_time, version, id) 
    values
        (?, ?, ?, ?, ?, ?, ?, ?, ?, ?, ?, ?, ?, ?, default)
Hibernate: 
    select
        b1_0.id,
        b1_0.active,
        b1_0.author,
        b1_0.create_time,
        b1_0.description,
        b1_0.genre,
        b1_0.isbn,
        b1_0.pages,
        b1_0.price,
        b1_0.publish_date,
        b1_0.publisher,
        b1_0.stock,
        b1_0.title,
        b1_0.update_time,
        b1_0.version 
    from
        t_book b1_0 
    where
        upper(b1_0.author) like upper(?) escape '\'
]]></system-out>
  </testcase>
  <testcase name="countByActiveTrue" classname="com.eyebuy.bookcatalog.repository.BookRepositoryTest" time="0.006">
    <system-out><![CDATA[Hibernate: 
    insert 
    into
        t_book
        (active, author, create_time, description, genre, isbn, pages, price, publish_date, publisher, stock, title, update_time, version, id) 
    values
        (?, ?, ?, ?, ?, ?, ?, ?, ?, ?, ?, ?, ?, ?, default)
Hibernate: 
    insert 
    into
        t_book
        (active, author, create_time, description, genre, isbn, pages, price, publish_date, publisher, stock, title, update_time, version, id) 
    values
        (?, ?, ?, ?, ?, ?, ?, ?, ?, ?, ?, ?, ?, ?, default)
Hibernate: 
    select
        count(b1_0.id) 
    from
        t_book b1_0 
    where
        b1_0.active
]]></system-out>
  </testcase>
</testsuite>